<?xml version="1.0" encoding="UTF-8"?>
<!-- Generated by org.testng.reporters.JUnitReportReporter -->
<testsuite hostname="DDC5-D-4R29T72" name="com.ActionDemo.Day2FirefoxLaunch" tests="1" failures="0" timestamp="15 Nov 2018 06:28:01 GMT" time="0.008" errors="0">
  <testcase name="launchFirefox" time="0.008" classname="com.ActionDemo.Day2FirefoxLaunch"/>
</testsuite> <!-- com.ActionDemo.Day2FirefoxLaunch -->
