<?xml version="1.0" encoding="UTF-8"?>
<!-- Generated by org.testng.reporters.JUnitReportReporter -->
<testsuite hostname="DDC5-D-4R29T72" name="com.ActionDemo.firefoxProfileExample" tests="1" failures="0" timestamp="15 Nov 2018 05:13:18 GMT" time="0.035" errors="0">
  <testcase name="f" time="0.035" classname="com.ActionDemo.firefoxProfileExample"/>
</testsuite> <!-- com.ActionDemo.firefoxProfileExample -->
