<?xml version="1.0" encoding="UTF-8"?>
<!-- Generated by org.testng.reporters.JUnitReportReporter -->
<testsuite hostname="DDC5-D-4R29T72" name="com.ActionDemo.ScreenshotExample" tests="1" failures="0" timestamp="14 Nov 2018 10:43:20 GMT" time="2.443" errors="0">
  <testcase name="screenshot" time="2.443" classname="com.ActionDemo.ScreenshotExample"/>
</testsuite> <!-- com.ActionDemo.ScreenshotExample -->
