<?xml version="1.0" encoding="UTF-8"?>
<!-- Generated by org.testng.reporters.JUnitReportReporter -->
<testsuite hostname="DDC5-D-4R29T72" name="com.ActionDemo.ThirdExample" tests="1" failures="0" timestamp="14 Nov 2018 09:55:41 GMT" time="4.182" errors="0">
  <testcase name="testMouse" time="4.182" classname="com.ActionDemo.ThirdExample"/>
</testsuite> <!-- com.ActionDemo.ThirdExample -->
