<?xml version="1.0" encoding="UTF-8"?>
<!-- Generated by org.testng.reporters.JUnitReportReporter -->
<testsuite hostname="DDC5-D-4R29T72" name="com.ActionDemo.ActionFirstTest" tests="1" failures="0" timestamp="16 Nov 2018 04:31:56 GMT" time="6.355" errors="0">
  <testcase name="clickSelectOption" time="6.355" classname="com.ActionDemo.ActionFirstTest"/>
</testsuite> <!-- com.ActionDemo.ActionFirstTest -->
