<?xml version="1.0" encoding="UTF-8"?>
<!-- Generated by org.testng.reporters.JUnitReportReporter -->
<testsuite hostname="DDC5-D-4R29T72" name="com.ActionDemo.modifyBrowser" tests="1" failures="0" timestamp="15 Nov 2018 06:47:25 GMT" time="0.893" errors="0">
  <testcase name="f" time="0.893" classname="com.ActionDemo.modifyBrowser"/>
</testsuite> <!-- com.ActionDemo.modifyBrowser -->
