<?xml version="1.0" encoding="UTF-8"?>
<!-- Generated by org.testng.reporters.JUnitReportReporter -->
<testsuite hostname="DDC5-D-4R29T72" name="com.ActionDemo.ActionFirstTest" tests="1" failures="0" timestamp="16 Nov 2018 06:03:53 GMT" time="3.833" errors="0">
  <testcase name="clickSelectOption" time="3.833" classname="com.ActionDemo.ActionFirstTest"/>
</testsuite> <!-- com.ActionDemo.ActionFirstTest -->
